2025-06-19 21:12:51,470 INFO o.a.j.u.JMeterUtils: Setting Locale to en
2025-06-19 21:12:51,541 INFO o.a.j.JMeter: Loading user properties from: /opt/jmeter/bin/user.properties
2025-06-19 21:12:51,543 INFO o.a.j.JMeter: Loading system properties from: /opt/jmeter/bin/system.properties
2025-06-19 21:12:51,562 INFO o.a.j.JMeter: Copyright (c) 1998-2024 The Apache Software Foundation
2025-06-19 21:12:51,563 INFO o.a.j.JMeter: Version 5.6.3
2025-06-19 21:12:51,563 INFO o.a.j.JMeter: java.version=17.0.15
2025-06-19 21:12:51,564 INFO o.a.j.JMeter: java.vm.name=OpenJDK 64-Bit Server VM
2025-06-19 21:12:51,564 INFO o.a.j.JMeter: os.name=Linux
2025-06-19 21:12:51,565 INFO o.a.j.JMeter: os.arch=amd64
2025-06-19 21:12:51,565 INFO o.a.j.JMeter: os.version=5.15.167.4-microsoft-standard-WSL2
2025-06-19 21:12:51,565 INFO o.a.j.JMeter: file.encoding=UTF-8
2025-06-19 21:12:51,566 INFO o.a.j.JMeter: java.awt.headless=null
2025-06-19 21:12:51,566 INFO o.a.j.JMeter: Max memory     =2046820352
2025-06-19 21:12:51,566 INFO o.a.j.JMeter: Available Processors =12
2025-06-19 21:12:51,596 INFO o.a.j.JMeter: Default Locale=English
2025-06-19 21:12:51,597 INFO o.a.j.JMeter: JMeter  Locale=English
2025-06-19 21:12:51,597 INFO o.a.j.JMeter: JMeterHome=/opt/jmeter
2025-06-19 21:12:51,598 INFO o.a.j.JMeter: user.dir  =/home/karuna/ci-cd/myperfapp
2025-06-19 21:12:51,598 INFO o.a.j.JMeter: PWD       =/home/karuna/ci-cd/myperfapp
2025-06-19 21:12:51,599 INFO o.a.j.JMeter: IP: 127.0.1.1 Name: calixs-laptop FullName: calixs-laptop.
2025-06-19 21:12:51,667 INFO o.a.j.JMeter: Loaded icon properties from org/apache/jmeter/images/icon.properties
2025-06-19 21:12:52,677 INFO o.a.j.JMeterGuiLauncher: Setting LAF to: com.github.weisj.darklaf.DarkLaf:com.github.weisj.darklaf.theme.DarculaTheme
2025-06-19 21:15:08,853 INFO o.a.j.p.h.s.HTTPSamplerBase: Parser for text/html is org.apache.jmeter.protocol.http.parser.LagartoBasedHtmlParser
2025-06-19 21:15:08,854 INFO o.a.j.p.h.s.HTTPSamplerBase: Parser for application/xhtml+xml is org.apache.jmeter.protocol.http.parser.LagartoBasedHtmlParser
2025-06-19 21:15:08,854 INFO o.a.j.p.h.s.HTTPSamplerBase: Parser for application/xml is org.apache.jmeter.protocol.http.parser.LagartoBasedHtmlParser
2025-06-19 21:15:08,854 INFO o.a.j.p.h.s.HTTPSamplerBase: Parser for text/xml is org.apache.jmeter.protocol.http.parser.LagartoBasedHtmlParser
2025-06-19 21:15:08,854 INFO o.a.j.p.h.s.HTTPSamplerBase: Parser for text/vnd.wap.wml is org.apache.jmeter.protocol.http.parser.RegexpHTMLParser
2025-06-19 21:15:08,855 INFO o.a.j.p.h.s.HTTPSamplerBase: Parser for text/css is org.apache.jmeter.protocol.http.parser.CssParser
2025-06-19 21:16:13,115 INFO o.a.j.s.SampleResult: Note: Sample TimeStamps are START times
2025-06-19 21:16:13,116 INFO o.a.j.s.SampleResult: sampleresult.default.encoding is set to UTF-8
2025-06-19 21:16:13,116 INFO o.a.j.s.SampleResult: sampleresult.useNanoTime=true
2025-06-19 21:16:13,116 INFO o.a.j.s.SampleResult: sampleresult.nanoThreadSleep=5000
2025-06-19 21:17:00,129 INFO o.a.j.s.FileServer: Default base='/home/karuna/ci-cd/myperfapp'
2025-06-19 21:17:00,131 INFO o.a.j.s.FileServer: Set new base='/home/karuna/ci-cd/myperfapp'
2025-06-19 21:17:00,332 INFO o.a.j.s.SaveService: Testplan (JMX) version: 2.2. Testlog (JTL) version: 2.2
2025-06-19 21:17:00,342 INFO o.a.j.s.SaveService: Using SaveService properties version 5.0
2025-06-19 21:17:00,344 INFO o.a.j.s.SaveService: Using SaveService properties file encoding UTF-8
2025-06-19 21:17:00,377 INFO o.a.j.e.StandardJMeterEngine: Running the test!
2025-06-19 21:17:00,379 INFO o.a.j.s.SampleEvent: List of sample_variables: []
2025-06-19 21:17:00,379 INFO o.a.j.s.SampleEvent: List of sample_variables: []
2025-06-19 21:17:00,380 INFO o.a.j.e.u.CompoundVariable: Note: Function class names must contain the string: '.functions.'
2025-06-19 21:17:00,380 INFO o.a.j.e.u.CompoundVariable: Note: Function class names must not contain the string: '.gui.'
2025-06-19 21:17:00,470 INFO o.a.j.g.u.JMeterMenuBar: setRunning(true, *local*)
2025-06-19 21:17:00,480 INFO o.a.j.e.StandardJMeterEngine: Starting ThreadGroup: 1 : Thread Group
2025-06-19 21:17:00,481 INFO o.a.j.e.StandardJMeterEngine: Starting 10 threads for group Thread Group.
2025-06-19 21:17:00,481 INFO o.a.j.e.StandardJMeterEngine: Thread will continue on error
2025-06-19 21:17:00,481 INFO o.a.j.t.ThreadGroup: Starting thread group... number=1 threads=10 ramp-up=10 delayedStart=false
2025-06-19 21:17:00,485 INFO o.a.j.t.JMeterThread: Thread started: Thread Group 1-1
2025-06-19 21:17:00,492 INFO o.a.j.t.ThreadGroup: Started thread group number 1
2025-06-19 21:17:00,492 INFO o.a.j.e.StandardJMeterEngine: All thread groups have been started
2025-06-19 21:17:00,516 INFO o.a.j.p.h.s.HTTPHCAbstractImpl: Local host = calixs-laptop
2025-06-19 21:17:00,538 INFO o.a.j.p.h.s.HTTPHC4Impl: HTTP request retry count = 0
2025-06-19 21:17:00,756 INFO o.a.j.t.JMeterThread: Thread is done: Thread Group 1-1
2025-06-19 21:17:00,756 INFO o.a.j.t.JMeterThread: Thread finished: Thread Group 1-1
2025-06-19 21:17:01,482 INFO o.a.j.t.JMeterThread: Thread started: Thread Group 1-2
2025-06-19 21:17:01,520 INFO o.a.j.t.JMeterThread: Thread is done: Thread Group 1-2
2025-06-19 21:17:01,520 INFO o.a.j.t.JMeterThread: Thread finished: Thread Group 1-2
2025-06-19 21:17:02,483 INFO o.a.j.t.JMeterThread: Thread started: Thread Group 1-3
2025-06-19 21:17:02,522 INFO o.a.j.t.JMeterThread: Thread is done: Thread Group 1-3
2025-06-19 21:17:02,522 INFO o.a.j.t.JMeterThread: Thread finished: Thread Group 1-3
2025-06-19 21:17:03,482 INFO o.a.j.t.JMeterThread: Thread started: Thread Group 1-4
2025-06-19 21:17:03,525 INFO o.a.j.t.JMeterThread: Thread is done: Thread Group 1-4
2025-06-19 21:17:03,526 INFO o.a.j.t.JMeterThread: Thread finished: Thread Group 1-4
2025-06-19 21:17:04,483 INFO o.a.j.t.JMeterThread: Thread started: Thread Group 1-5
2025-06-19 21:17:04,527 INFO o.a.j.t.JMeterThread: Thread is done: Thread Group 1-5
2025-06-19 21:17:04,527 INFO o.a.j.t.JMeterThread: Thread finished: Thread Group 1-5
2025-06-19 21:17:05,483 INFO o.a.j.t.JMeterThread: Thread started: Thread Group 1-6
2025-06-19 21:17:05,524 INFO o.a.j.t.JMeterThread: Thread is done: Thread Group 1-6
2025-06-19 21:17:05,524 INFO o.a.j.t.JMeterThread: Thread finished: Thread Group 1-6
2025-06-19 21:17:06,484 INFO o.a.j.t.JMeterThread: Thread started: Thread Group 1-7
2025-06-19 21:17:06,554 INFO o.a.j.t.JMeterThread: Thread is done: Thread Group 1-7
2025-06-19 21:17:06,555 INFO o.a.j.t.JMeterThread: Thread finished: Thread Group 1-7
2025-06-19 21:17:07,483 INFO o.a.j.t.JMeterThread: Thread started: Thread Group 1-8
2025-06-19 21:17:07,563 INFO o.a.j.t.JMeterThread: Thread is done: Thread Group 1-8
2025-06-19 21:17:07,563 INFO o.a.j.t.JMeterThread: Thread finished: Thread Group 1-8
2025-06-19 21:17:08,482 INFO o.a.j.t.JMeterThread: Thread started: Thread Group 1-9
2025-06-19 21:17:08,597 INFO o.a.j.t.JMeterThread: Thread is done: Thread Group 1-9
2025-06-19 21:17:08,598 INFO o.a.j.t.JMeterThread: Thread finished: Thread Group 1-9
2025-06-19 21:17:09,484 INFO o.a.j.t.JMeterThread: Thread started: Thread Group 1-10
2025-06-19 21:17:09,576 INFO o.a.j.t.JMeterThread: Thread is done: Thread Group 1-10
2025-06-19 21:17:09,577 INFO o.a.j.t.JMeterThread: Thread finished: Thread Group 1-10
2025-06-19 21:17:09,578 INFO o.a.j.e.StandardJMeterEngine: Notifying test listeners of end of test
2025-06-19 21:17:09,579 INFO o.a.j.g.u.JMeterMenuBar: setRunning(false, *local*)
2025-06-19 21:17:59,677 INFO o.a.j.g.a.Load: Loading file: /home/karuna/ci-cd/myperfapp/performance_test.jmx
2025-06-19 21:17:59,677 INFO o.a.j.s.FileServer: Set new base='/home/karuna/ci-cd/myperfapp'
2025-06-19 21:17:59,677 INFO o.a.j.s.SaveService: Loading file: /home/karuna/ci-cd/myperfapp/performance_test.jmx
2025-06-19 21:17:59,732 INFO o.a.j.s.FileServer: Set new base='/home/karuna/ci-cd/myperfapp'
2025-06-19 21:18:19,654 INFO o.a.j.g.a.Load: Loading file: /home/karuna/ci-cd/myperfapp/performance_test.jmx
2025-06-19 21:18:19,654 INFO o.a.j.s.FileServer: Set new base='/home/karuna/ci-cd/myperfapp'
2025-06-19 21:18:19,654 INFO o.a.j.s.SaveService: Loading file: /home/karuna/ci-cd/myperfapp/performance_test.jmx
2025-06-19 21:18:19,668 INFO o.a.j.s.FileServer: Set new base='/home/karuna/ci-cd/myperfapp'
